<?xml version="1.0" encoding="UTF-8"?>
<testsuite xmlns:xsi="http://www.w3.org/2001/XMLSchema-instance" xsi:noNamespaceSchemaLocation="https://maven.apache.org/surefire/maven-surefire-plugin/xsd/surefire-test-report-3.0.xsd" version="3.0" name="com.github.pgrest.client.PgRestClientTest" time="0.377" tests="3" errors="0" skipped="0" failures="0">
  <properties>
[...]
</properties>
  <testcase name="testList" classname="com.github.pgrest.client.PgRestClientTest" time="0.342"/>
  <testcase name="testPage" classname="com.github.pgrest.client.PgRestClientTest" time="0.016"/>
  <testcase name="testGetById" classname="com.github.pgrest.client.PgRestClientTest" time="0.011"/>
</testsuite>